+ NUM_THREADS=1
+ SCRIPT=benchmark_scripts/connected_components/jl/connected_components.jl
+ MATRIX_PATH=matrices/amazon0601/amazon0601_ones.mtx
+ MATRIX_SIZE=403394
+ RESULT=data/amazon0601/connected_components/jl/1/2.dat
+ export OMP_NUM_THREADS=1
+ OMP_NUM_THREADS=1
+ export OPENBLAS_NUM_THREADS=1
+ OPENBLAS_NUM_THREADS=1
+ export MKL_NUM_THREADS=1
+ MKL_NUM_THREADS=1
+ export VECLIB_MAXIMUM_THREADS=1
+ VECLIB_MAXIMUM_THREADS=1
+ export NUMEXPR_NUM_THREADS=1
+ NUMEXPR_NUM_THREADS=1
++ dirname /ceph/hpc/home/euretok/daphnesched2/benchmark_scripts/connected_components/jl/connected_components.jl
+ srun --cpus-per-task=1 singularity exec --no-mount /cvmfs /ceph/hpc/home/euretok/daphnesched2/jupycpp.sif julia --project=/ceph/hpc/home/euretok/daphnesched2/benchmark_scripts/connected_components/jl -e 'using Pkg; Pkg.instantiate()'
WARNING: passwd file doesn't exist in container, not updating
WARNING: group file doesn't exist in container, not updating
++ dirname /ceph/hpc/home/euretok/daphnesched2/benchmark_scripts/connected_components/jl/connected_components.jl
+ srun --cpus-per-task=1 singularity exec --no-mount /cvmfs /ceph/hpc/home/euretok/daphnesched2/jupycpp.sif julia --threads 1 --project=/ceph/hpc/home/euretok/daphnesched2/benchmark_scripts/connected_components/jl /ceph/hpc/home/euretok/daphnesched2/benchmark_scripts/connected_components/jl/connected_components.jl /ceph/hpc/home/euretok/daphnesched2/matrices/amazon0601/amazon0601_ones.mtx
WARNING: passwd file doesn't exist in container, not updating
WARNING: group file doesn't exist in container, not updating
ERROR: LoadError: MethodError: no method matching mmread(::String, ::Symbol)
The function `mmread` exists, but no method is defined for this combination of argument types.

Closest candidates are:
  mmread(::String, !Matched::Bool, !Matched::Bool)
   @ MatrixMarket ~/.julia/packages/MatrixMarket/2hrYk/src/mmread.jl:16
  mmread(::String, !Matched::Bool)
   @ MatrixMarket ~/.julia/packages/MatrixMarket/2hrYk/src/mmread.jl:16
  mmread(::String)
   @ MatrixMarket ~/.julia/packages/MatrixMarket/2hrYk/src/mmread.jl:16
  ...

Stacktrace:
 [1] cc(filename::String, maxi::Int64)
   @ Main ~/daphnesched2/benchmark_scripts/connected_components/jl/connected_components.jl:53
 [2] top-level scope
   @ ~/daphnesched2/benchmark_scripts/connected_components/jl/connected_components.jl:70
in expression starting at /ceph/hpc/home/euretok/daphnesched2/benchmark_scripts/connected_components/jl/connected_components.jl:70
srun: error: cn0537: task 0: Exited with exit code 1
