+ NUM_THREADS=4
+ SCRIPT=benchmark_scripts/connected_components-mpi/py/connected_components.py
+ MATRIX_PATH=matrices/amazon0601/amazon0601_ones.mtx
+ MATRIX_SIZE=403394
+ RESULT=data/mpi/amazon0601/connected_components/py/128/1.dat
+ export OMP_NUM_THREADS=4
+ OMP_NUM_THREADS=4
+ export OPENBLAS_NUM_THREADS=4
+ OPENBLAS_NUM_THREADS=4
+ export MKL_NUM_THREADS=4
+ MKL_NUM_THREADS=4
+ export VECLIB_MAXIMUM_THREADS=4
+ VECLIB_MAXIMUM_THREADS=4
+ export NUMEXPR_NUM_THREADS=4
+ NUMEXPR_NUM_THREADS=4
+ export UCX_TLS=sm,self
+ UCX_TLS=sm,self
+ export OMPI_MCA_PML=ucx
+ OMPI_MCA_PML=ucx
+ export 'PMIX_MCA_gds=^ds12'
+ PMIX_MCA_gds='^ds12'
+ export 'OMPI_MCA_gds=^ds12'
+ OMPI_MCA_gds='^ds12'
+ export PMIX_MCA_btl=self,vader
+ PMIX_MCA_btl=self,vader
+ export OMPI_MCA_btl=self,vader
+ OMPI_MCA_btl=self,vader
+ srun --cpus-per-task=4 singularity exec --no-mount /cvmfs --env OMP_NUM_THREADS=4 /ceph/hpc/home/euretok/daphnesched2/jupycpp.sif python3 /ceph/hpc/home/euretok/daphnesched2/benchmark_scripts/connected_components-mpi/py/connected_components.py /ceph/hpc/home/euretok/daphnesched2/matrices/amazon0601/amazon0601_ones.mtx
WARNING: passwd file doesn't exist in container, not updating
WARNING: group file doesn't exist in container, not updating
WARNING: passwd file doesn't exist in container, not updating
WARNING: group file doesn't exist in container, not updating
WARNING: passwd file doesn't exist in container, not updating
WARNING: group file doesn't exist in container, not updating
WARNING: passwd file doesn't exist in container, not updating
WARNING: group file doesn't exist in container, not updating
WARNING: passwd file doesn't exist in container, not updating
WARNING: group file doesn't exist in container, not updating
WARNING: passwd file doesn't exist in container, not updating
WARNING: group file doesn't exist in container, not updating
WARNING: passwd file doesn't exist in container, not updating
WARNING: group file doesn't exist in container, not updating
WARNING: passwd file doesn't exist in container, not updating
WARNING: group file doesn't exist in container, not updating
WARNING: passwd file doesn't exist in container, not updating
WARNING: group file doesn't exist in container, not updating
WARNING: passwd file doesn't exist in container, not updating
WARNING: group file doesn't exist in container, not updating
WARNING: passwd file doesn't exist in container, not updating
WARNING: group file doesn't exist in container, not updating
WARNING: passwd file doesn't exist in container, not updating
WARNING: group file doesn't exist in container, not updating
WARNING: passwd file doesn't exist in container, not updating
WARNING: group file doesn't exist in container, not updating
WARNING: passwd file doesn't exist in container, not updating
WARNING: group file doesn't exist in container, not updating
WARNING: passwd file doesn't exist in container, not updating
WARNING: group file doesn't exist in container, not updating
WARNING: passwd file doesn't exist in container, not updating
WARNING: group file doesn't exist in container, not updating
WARNING: passwd file doesn't exist in container, not updating
WARNING: group file doesn't exist in container, not updating
WARNING: passwd file doesn't exist in container, not updating
WARNING: group file doesn't exist in container, not updating
WARNING: passwd file doesn't exist in container, not updating
WARNING: group file doesn't exist in container, not updating
WARNING: passwd file doesn't exist in container, not updating
WARNING: group file doesn't exist in container, not updating
WARNING: passwd file doesn't exist in container, not updating
WARNING: group file doesn't exist in container, not updating
WARNING: passwd file doesn't exist in container, not updating
WARNING: group file doesn't exist in container, not updating
WARNING: passwd file doesn't exist in container, not updating
WARNING: group file doesn't exist in container, not updating
WARNING: passwd file doesn't exist in container, not updating
WARNING: group file doesn't exist in container, not updating
WARNING: passwd file doesn't exist in container, not updating
WARNING: group file doesn't exist in container, not updating
WARNING: passwd file doesn't exist in container, not updating
WARNING: group file doesn't exist in container, not updating
WARNING: passwd file doesn't exist in container, not updating
WARNING: group file doesn't exist in container, not updating
WARNING: passwd file doesn't exist in container, not updating
WARNING: group file doesn't exist in container, not updating
WARNING: passwd file doesn't exist in container, not updating
WARNING: group file doesn't exist in container, not updating
WARNING: passwd file doesn't exist in container, not updating
WARNING: group file doesn't exist in container, not updating
WARNING: passwd file doesn't exist in container, not updating
WARNING: group file doesn't exist in container, not updating
WARNING: passwd file doesn't exist in container, not updating
WARNING: group file doesn't exist in container, not updating
WARNING: passwd file doesn't exist in container, not updating
WARNING: group file doesn't exist in container, not updating
WARNING: passwd file doesn't exist in container, not updating
WARNING: group file doesn't exist in container, not updating
WARNING: passwd file doesn't exist in container, not updating
WARNING: group file doesn't exist in container, not updating
WARNING: passwd file doesn't exist in container, not updating
WARNING: group file doesn't exist in container, not updating
WARNING: passwd file doesn't exist in container, not updating
WARNING: group file doesn't exist in container, not updating
WARNING: passwd file doesn't exist in container, not updating
WARNING: group file doesn't exist in container, not updating
WARNING: passwd file doesn't exist in container, not updating
WARNING: group file doesn't exist in container, not updating
WARNING: passwd file doesn't exist in container, not updating
WARNING: group file doesn't exist in container, not updating
WARNING: passwd file doesn't exist in container, not updating
WARNING: group file doesn't exist in container, not updating
WARNING: passwd file doesn't exist in container, not updating
WARNING: group file doesn't exist in container, not updating
WARNING: passwd file doesn't exist in container, not updating
WARNING: group file doesn't exist in container, not updating
WARNING: passwd file doesn't exist in container, not updating
WARNING: group file doesn't exist in container, not updating
WARNING: passwd file doesn't exist in container, not updating
WARNING: group file doesn't exist in container, not updating
WARNING: passwd file doesn't exist in container, not updating
WARNING: group file doesn't exist in container, not updating
WARNING: passwd file doesn't exist in container, not updating
WARNING: group file doesn't exist in container, not updating
WARNING: passwd file doesn't exist in container, not updating
WARNING: group file doesn't exist in container, not updating
WARNING: passwd file doesn't exist in container, not updating
WARNING: group file doesn't exist in container, not updating
WARNING: passwd file doesn't exist in container, not updating
WARNING: group file doesn't exist in container, not updating
WARNING: passwd file doesn't exist in container, not updating
WARNING: group file doesn't exist in container, not updating
WARNING: passwd file doesn't exist in container, not updating
WARNING: group file doesn't exist in container, not updating
WARNING: passwd file doesn't exist in container, not updating
WARNING: group file doesn't exist in container, not updating
WARNING: passwd file doesn't exist in container, not updating
WARNING: group file doesn't exist in container, not updating
WARNING: passwd file doesn't exist in container, not updating
WARNING: group file doesn't exist in container, not updating
WARNING: passwd file doesn't exist in container, not updating
WARNING: group file doesn't exist in container, not updating
WARNING: passwd file doesn't exist in container, not updating
WARNING: group file doesn't exist in container, not updating
WARNING: passwd file doesn't exist in container, not updating
WARNING: group file doesn't exist in container, not updating
WARNING: passwd file doesn't exist in container, not updating
WARNING: group file doesn't exist in container, not updating
WARNING: passwd file doesn't exist in container, not updating
WARNING: group file doesn't exist in container, not updating
WARNING: passwd file doesn't exist in container, not updating
WARNING: group file doesn't exist in container, not updating
WARNING: passwd file doesn't exist in container, not updating
WARNING: group file doesn't exist in container, not updating
WARNING: passwd file doesn't exist in container, not updating
WARNING: group file doesn't exist in container, not updating
WARNING: passwd file doesn't exist in container, not updating
WARNING: group file doesn't exist in container, not updating
WARNING: passwd file doesn't exist in container, not updating
WARNING: group file doesn't exist in container, not updating
WARNING: passwd file doesn't exist in container, not updating
WARNING: group file doesn't exist in container, not updating
WARNING: passwd file doesn't exist in container, not updating
WARNING: group file doesn't exist in container, not updating
WARNING: passwd file doesn't exist in container, not updating
WARNING: group file doesn't exist in container, not updating
WARNING: passwd file doesn't exist in container, not updating
WARNING: group file doesn't exist in container, not updating
WARNING: passwd file doesn't exist in container, not updating
WARNING: group file doesn't exist in container, not updating
WARNING: passwd file doesn't exist in container, not updating
WARNING: group file doesn't exist in container, not updating
WARNING: passwd file doesn't exist in container, not updating
WARNING: group file doesn't exist in container, not updating
WARNING: passwd file doesn't exist in container, not updating
WARNING: group file doesn't exist in container, not updating
WARNING: passwd file doesn't exist in container, not updating
WARNING: group file doesn't exist in container, not updating
WARNING: passwd file doesn't exist in container, not updating
WARNING: group file doesn't exist in container, not updating
WARNING: passwd file doesn't exist in container, not updating
WARNING: group file doesn't exist in container, not updating
WARNING: passwd file doesn't exist in container, not updating
WARNING: group file doesn't exist in container, not updating
WARNING: passwd file doesn't exist in container, not updating
WARNING: group file doesn't exist in container, not updating
WARNING: passwd file doesn't exist in container, not updating
WARNING: group file doesn't exist in container, not updating
WARNING: passwd file doesn't exist in container, not updating
WARNING: group file doesn't exist in container, not updating
WARNING: passwd file doesn't exist in container, not updating
WARNING: group file doesn't exist in container, not updating
WARNING: passwd file doesn't exist in container, not updating
WARNING: group file doesn't exist in container, not updating
WARNING: passwd file doesn't exist in container, not updating
WARNING: group file doesn't exist in container, not updating
WARNING: passwd file doesn't exist in container, not updating
WARNING: group file doesn't exist in container, not updating
WARNING: passwd file doesn't exist in container, not updating
WARNING: group file doesn't exist in container, not updating
WARNING: passwd file doesn't exist in container, not updating
WARNING: group file doesn't exist in container, not updating
WARNING: passwd file doesn't exist in container, not updating
WARNING: group file doesn't exist in container, not updating
WARNING: passwd file doesn't exist in container, not updating
WARNING: group file doesn't exist in container, not updating
WARNING: passwd file doesn't exist in container, not updating
WARNING: group file doesn't exist in container, not updating
WARNING: passwd file doesn't exist in container, not updating
WARNING: group file doesn't exist in container, not updating
WARNING: passwd file doesn't exist in container, not updating
WARNING: group file doesn't exist in container, not updating
WARNING: passwd file doesn't exist in container, not updating
WARNING: group file doesn't exist in container, not updating
WARNING: passwd file doesn't exist in container, not updating
WARNING: group file doesn't exist in container, not updating
WARNING: passwd file doesn't exist in container, not updating
WARNING: group file doesn't exist in container, not updating
WARNING: passwd file doesn't exist in container, not updating
WARNING: group file doesn't exist in container, not updating
WARNING: passwd file doesn't exist in container, not updating
WARNING: group file doesn't exist in container, not updating
WARNING: passwd file doesn't exist in container, not updating
WARNING: group file doesn't exist in container, not updating
WARNING: passwd file doesn't exist in container, not updating
WARNING: group file doesn't exist in container, not updating
WARNING: passwd file doesn't exist in container, not updating
WARNING: group file doesn't exist in container, not updating
WARNING: passwd file doesn't exist in container, not updating
WARNING: group file doesn't exist in container, not updating
WARNING: passwd file doesn't exist in container, not updating
WARNING: group file doesn't exist in container, not updating
WARNING: passwd file doesn't exist in container, not updating
WARNING: group file doesn't exist in container, not updating
WARNING: passwd file doesn't exist in container, not updating
WARNING: group file doesn't exist in container, not updating
WARNING: passwd file doesn't exist in container, not updating
WARNING: group file doesn't exist in container, not updating
WARNING: passwd file doesn't exist in container, not updating
WARNING: group file doesn't exist in container, not updating
WARNING: passwd file doesn't exist in container, not updating
WARNING: group file doesn't exist in container, not updating
WARNING: passwd file doesn't exist in container, not updating
WARNING: group file doesn't exist in container, not updating
WARNING: passwd file doesn't exist in container, not updating
WARNING: group file doesn't exist in container, not updating
WARNING: passwd file doesn't exist in container, not updating
WARNING: group file doesn't exist in container, not updating
WARNING: passwd file doesn't exist in container, not updating
WARNING: group file doesn't exist in container, not updating
WARNING: passwd file doesn't exist in container, not updating
WARNING: group file doesn't exist in container, not updating
WARNING: passwd file doesn't exist in container, not updating
WARNING: group file doesn't exist in container, not updating
WARNING: passwd file doesn't exist in container, not updating
WARNING: group file doesn't exist in container, not updating
WARNING: passwd file doesn't exist in container, not updating
WARNING: group file doesn't exist in container, not updating
WARNING: passwd file doesn't exist in container, not updating
WARNING: group file doesn't exist in container, not updating
WARNING: passwd file doesn't exist in container, not updating
WARNING: group file doesn't exist in container, not updating
WARNING: passwd file doesn't exist in container, not updating
WARNING: group file doesn't exist in container, not updating
WARNING: passwd file doesn't exist in container, not updating
WARNING: group file doesn't exist in container, not updating
WARNING: passwd file doesn't exist in container, not updating
WARNING: group file doesn't exist in container, not updating
WARNING: passwd file doesn't exist in container, not updating
WARNING: group file doesn't exist in container, not updating
WARNING: passwd file doesn't exist in container, not updating
WARNING: group file doesn't exist in container, not updating
WARNING: passwd file doesn't exist in container, not updating
WARNING: group file doesn't exist in container, not updating
WARNING: passwd file doesn't exist in container, not updating
WARNING: group file doesn't exist in container, not updating
WARNING: passwd file doesn't exist in container, not updating
WARNING: group file doesn't exist in container, not updating
WARNING: passwd file doesn't exist in container, not updating
WARNING: group file doesn't exist in container, not updating
WARNING: passwd file doesn't exist in container, not updating
WARNING: group file doesn't exist in container, not updating
WARNING: passwd file doesn't exist in container, not updating
WARNING: group file doesn't exist in container, not updating
WARNING: passwd file doesn't exist in container, not updating
WARNING: group file doesn't exist in container, not updating
Traceback (most recent call last):
  File "/ceph/hpc/home/euretok/daphnesched2/benchmark_scripts/connected_components-mpi/py/connected_components.py", line 127, in <module>
    cc(filename)
  File "/ceph/hpc/home/euretok/daphnesched2/benchmark_scripts/connected_components-mpi/py/connected_components.py", line 115, in cc
    x = G.multiply(c_partial.transpose()).max(axis=0)
        ^^^^^^^^^^^^^^^^^^^^^^^^^^^^^^^^^
  File "/nix/store/yvqis8yj3dylnl4d7b4a75g9z8pxmh4i-python3-3.12.10-env/lib/python3.12/site-packages/scipy/sparse/_compressed.py", line 440, in multiply
    raise ValueError("inconsistent shapes")
ValueError: inconsistent shapes
Traceback (most recent call last):
  File "/ceph/hpc/home/euretok/daphnesched2/benchmark_scripts/connected_components-mpi/py/connected_components.py", line 127, in <module>
    cc(filename)
  File "/ceph/hpc/home/euretok/daphnesched2/benchmark_scripts/connected_components-mpi/py/connected_components.py", line 115, in cc
    x = G.multiply(c_partial.transpose()).max(axis=0)
        ^^^^^^^^^^^^^^^^^^^^^^^^^^^^^^^^^
  File "/nix/store/yvqis8yj3dylnl4d7b4a75g9z8pxmh4i-python3-3.12.10-env/lib/python3.12/site-packages/scipy/sparse/_compressed.py", line 440, in multiply
    raise ValueError("inconsistent shapes")
ValueError: inconsistent shapes
Traceback (most recent call last):
  File "/ceph/hpc/home/euretok/daphnesched2/benchmark_scripts/connected_components-mpi/py/connected_components.py", line 127, in <module>
    cc(filename)
  File "/ceph/hpc/home/euretok/daphnesched2/benchmark_scripts/connected_components-mpi/py/connected_components.py", line 115, in cc
    x = G.multiply(c_partial.transpose()).max(axis=0)
        ^^^^^^^^^^^^^^^^^^^^^^^^^^^^^^^^^
  File "/nix/store/yvqis8yj3dylnl4d7b4a75g9z8pxmh4i-python3-3.12.10-env/lib/python3.12/site-packages/scipy/sparse/_compressed.py", line 440, in multiply
    raise ValueError("inconsistent shapes")
ValueError: inconsistent shapes
Traceback (most recent call last):
  File "/ceph/hpc/home/euretok/daphnesched2/benchmark_scripts/connected_components-mpi/py/connected_components.py", line 127, in <module>
    cc(filename)
  File "/ceph/hpc/home/euretok/daphnesched2/benchmark_scripts/connected_components-mpi/py/connected_components.py", line 115, in cc
    x = G.multiply(c_partial.transpose()).max(axis=0)
        ^^^^^^^^^^^^^^^^^^^^^^^^^^^^^^^^^
  File "/nix/store/yvqis8yj3dylnl4d7b4a75g9z8pxmh4i-python3-3.12.10-env/lib/python3.12/site-packages/scipy/sparse/_compressed.py", line 440, in multiply
    raise ValueError("inconsistent shapes")
ValueError: inconsistent shapes
Traceback (most recent call last):
  File "/ceph/hpc/home/euretok/daphnesched2/benchmark_scripts/connected_components-mpi/py/connected_components.py", line 127, in <module>
    cc(filename)
  File "/ceph/hpc/home/euretok/daphnesched2/benchmark_scripts/connected_components-mpi/py/connected_components.py", line 115, in cc
    x = G.multiply(c_partial.transpose()).max(axis=0)
        ^^^^^^^^^^^^^^^^^^^^^^^^^^^^^^^^^
  File "/nix/store/yvqis8yj3dylnl4d7b4a75g9z8pxmh4i-python3-3.12.10-env/lib/python3.12/site-packages/scipy/sparse/_compressed.py", line 440, in multiply
    raise ValueError("inconsistent shapes")
ValueError: inconsistent shapes
Traceback (most recent call last):
  File "/ceph/hpc/home/euretok/daphnesched2/benchmark_scripts/connected_components-mpi/py/connected_components.py", line 127, in <module>
    cc(filename)
  File "/ceph/hpc/home/euretok/daphnesched2/benchmark_scripts/connected_components-mpi/py/connected_components.py", line 115, in cc
    x = G.multiply(c_partial.transpose()).max(axis=0)
        ^^^^^^^^^^^^^^^^^^^^^^^^^^^^^^^^^
  File "/nix/store/yvqis8yj3dylnl4d7b4a75g9z8pxmh4i-python3-3.12.10-env/lib/python3.12/site-packages/scipy/sparse/_compressed.py", line 440, in multiply
    raise ValueError("inconsistent shapes")
ValueError: inconsistent shapes
Traceback (most recent call last):
  File "/ceph/hpc/home/euretok/daphnesched2/benchmark_scripts/connected_components-mpi/py/connected_components.py", line 127, in <module>
    cc(filename)
  File "/ceph/hpc/home/euretok/daphnesched2/benchmark_scripts/connected_components-mpi/py/connected_components.py", line 115, in cc
    x = G.multiply(c_partial.transpose()).max(axis=0)
        ^^^^^^^^^^^^^^^^^^^^^^^^^^^^^^^^^
  File "/nix/store/yvqis8yj3dylnl4d7b4a75g9z8pxmh4i-python3-3.12.10-env/lib/python3.12/site-packages/scipy/sparse/_compressed.py", line 440, in multiply
    raise ValueError("inconsistent shapes")
ValueError: inconsistent shapes
Traceback (most recent call last):
  File "/ceph/hpc/home/euretok/daphnesched2/benchmark_scripts/connected_components-mpi/py/connected_components.py", line 127, in <module>
    cc(filename)
  File "/ceph/hpc/home/euretok/daphnesched2/benchmark_scripts/connected_components-mpi/py/connected_components.py", line 115, in cc
    x = G.multiply(c_partial.transpose()).max(axis=0)
        ^^^^^^^^^^^^^^^^^^^^^^^^^^^^^^^^^
  File "/nix/store/yvqis8yj3dylnl4d7b4a75g9z8pxmh4i-python3-3.12.10-env/lib/python3.12/site-packages/scipy/sparse/_compressed.py", line 440, in multiply
    raise ValueError("inconsistent shapes")
ValueError: inconsistent shapes
Traceback (most recent call last):
  File "/ceph/hpc/home/euretok/daphnesched2/benchmark_scripts/connected_components-mpi/py/connected_components.py", line 127, in <module>
    cc(filename)
  File "/ceph/hpc/home/euretok/daphnesched2/benchmark_scripts/connected_components-mpi/py/connected_components.py", line 115, in cc
    x = G.multiply(c_partial.transpose()).max(axis=0)
        ^^^^^^^^^^^^^^^^^^^^^^^^^^^^^^^^^
  File "/nix/store/yvqis8yj3dylnl4d7b4a75g9z8pxmh4i-python3-3.12.10-env/lib/python3.12/site-packages/scipy/sparse/_compressed.py", line 440, in multiply
    raise ValueError("inconsistent shapes")
ValueError: inconsistent shapes
Traceback (most recent call last):
  File "/ceph/hpc/home/euretok/daphnesched2/benchmark_scripts/connected_components-mpi/py/connected_components.py", line 127, in <module>
    cc(filename)
  File "/ceph/hpc/home/euretok/daphnesched2/benchmark_scripts/connected_components-mpi/py/connected_components.py", line 115, in cc
    x = G.multiply(c_partial.transpose()).max(axis=0)
        ^^^^^^^^^^^^^^^^^^^^^^^^^^^^^^^^^
  File "/nix/store/yvqis8yj3dylnl4d7b4a75g9z8pxmh4i-python3-3.12.10-env/lib/python3.12/site-packages/scipy/sparse/_compressed.py", line 440, in multiply
    raise ValueError("inconsistent shapes")
ValueError: inconsistent shapes
Traceback (most recent call last):
  File "/ceph/hpc/home/euretok/daphnesched2/benchmark_scripts/connected_components-mpi/py/connected_components.py", line 127, in <module>
    cc(filename)
  File "/ceph/hpc/home/euretok/daphnesched2/benchmark_scripts/connected_components-mpi/py/connected_components.py", line 115, in cc
    x = G.multiply(c_partial.transpose()).max(axis=0)
        ^^^^^^^^^^^^^^^^^^^^^^^^^^^^^^^^^
  File "/nix/store/yvqis8yj3dylnl4d7b4a75g9z8pxmh4i-python3-3.12.10-env/lib/python3.12/site-packages/scipy/sparse/_compressed.py", line 440, in multiply
    raise ValueError("inconsistent shapes")
ValueError: inconsistent shapes
Traceback (most recent call last):
  File "/ceph/hpc/home/euretok/daphnesched2/benchmark_scripts/connected_components-mpi/py/connected_components.py", line 127, in <module>
    cc(filename)
  File "/ceph/hpc/home/euretok/daphnesched2/benchmark_scripts/connected_components-mpi/py/connected_components.py", line 115, in cc
    x = G.multiply(c_partial.transpose()).max(axis=0)
        ^^^^^^^^^^^^^^^^^^^^^^^^^^^^^^^^^
  File "/nix/store/yvqis8yj3dylnl4d7b4a75g9z8pxmh4i-python3-3.12.10-env/lib/python3.12/site-packages/scipy/sparse/_compressed.py", line 440, in multiply
    raise ValueError("inconsistent shapes")
ValueError: inconsistent shapes
Traceback (most recent call last):
  File "/ceph/hpc/home/euretok/daphnesched2/benchmark_scripts/connected_components-mpi/py/connected_components.py", line 127, in <module>
    cc(filename)
  File "/ceph/hpc/home/euretok/daphnesched2/benchmark_scripts/connected_components-mpi/py/connected_components.py", line 115, in cc
    x = G.multiply(c_partial.transpose()).max(axis=0)
        ^^^^^^^^^^^^^^^^^^^^^^^^^^^^^^^^^
  File "/nix/store/yvqis8yj3dylnl4d7b4a75g9z8pxmh4i-python3-3.12.10-env/lib/python3.12/site-packages/scipy/sparse/_compressed.py", line 440, in multiply
    raise ValueError("inconsistent shapes")
ValueError: inconsistent shapes
Traceback (most recent call last):
  File "/ceph/hpc/home/euretok/daphnesched2/benchmark_scripts/connected_components-mpi/py/connected_components.py", line 127, in <module>
    cc(filename)
  File "/ceph/hpc/home/euretok/daphnesched2/benchmark_scripts/connected_components-mpi/py/connected_components.py", line 115, in cc
    x = G.multiply(c_partial.transpose()).max(axis=0)
        ^^^^^^^^^^^^^^^^^^^^^^^^^^^^^^^^^
  File "/nix/store/yvqis8yj3dylnl4d7b4a75g9z8pxmh4i-python3-3.12.10-env/lib/python3.12/site-packages/scipy/sparse/_compressed.py", line 440, in multiply
    raise ValueError("inconsistent shapes")
ValueError: inconsistent shapes
Traceback (most recent call last):
  File "/ceph/hpc/home/euretok/daphnesched2/benchmark_scripts/connected_components-mpi/py/connected_components.py", line 127, in <module>
    cc(filename)
  File "/ceph/hpc/home/euretok/daphnesched2/benchmark_scripts/connected_components-mpi/py/connected_components.py", line 115, in cc
    x = G.multiply(c_partial.transpose()).max(axis=0)
        ^^^^^^^^^^^^^^^^^^^^^^^^^^^^^^^^^
  File "/nix/store/yvqis8yj3dylnl4d7b4a75g9z8pxmh4i-python3-3.12.10-env/lib/python3.12/site-packages/scipy/sparse/_compressed.py", line 440, in multiply
    raise ValueError("inconsistent shapes")
ValueError: inconsistent shapes
Traceback (most recent call last):
  File "/ceph/hpc/home/euretok/daphnesched2/benchmark_scripts/connected_components-mpi/py/connected_components.py", line 127, in <module>
    cc(filename)
  File "/ceph/hpc/home/euretok/daphnesched2/benchmark_scripts/connected_components-mpi/py/connected_components.py", line 115, in cc
    x = G.multiply(c_partial.transpose()).max(axis=0)
        ^^^^^^^^^^^^^^^^^^^^^^^^^^^^^^^^^
  File "/nix/store/yvqis8yj3dylnl4d7b4a75g9z8pxmh4i-python3-3.12.10-env/lib/python3.12/site-packages/scipy/sparse/_compressed.py", line 440, in multiply
    raise ValueError("inconsistent shapes")
ValueError: inconsistent shapes
Traceback (most recent call last):
  File "/ceph/hpc/home/euretok/daphnesched2/benchmark_scripts/connected_components-mpi/py/connected_components.py", line 127, in <module>
    cc(filename)
  File "/ceph/hpc/home/euretok/daphnesched2/benchmark_scripts/connected_components-mpi/py/connected_components.py", line 115, in cc
    x = G.multiply(c_partial.transpose()).max(axis=0)
        ^^^^^^^^^^^^^^^^^^^^^^^^^^^^^^^^^
  File "/nix/store/yvqis8yj3dylnl4d7b4a75g9z8pxmh4i-python3-3.12.10-env/lib/python3.12/site-packages/scipy/sparse/_compressed.py", line 440, in multiply
    raise ValueError("inconsistent shapes")
ValueError: inconsistent shapes
Traceback (most recent call last):
  File "/ceph/hpc/home/euretok/daphnesched2/benchmark_scripts/connected_components-mpi/py/connected_components.py", line 127, in <module>
    cc(filename)
  File "/ceph/hpc/home/euretok/daphnesched2/benchmark_scripts/connected_components-mpi/py/connected_components.py", line 115, in cc
    x = G.multiply(c_partial.transpose()).max(axis=0)
        ^^^^^^^^^^^^^^^^^^^^^^^^^^^^^^^^^
  File "/nix/store/yvqis8yj3dylnl4d7b4a75g9z8pxmh4i-python3-3.12.10-env/lib/python3.12/site-packages/scipy/sparse/_compressed.py", line 440, in multiply
    raise ValueError("inconsistent shapes")
ValueError: inconsistent shapes
Traceback (most recent call last):
  File "/ceph/hpc/home/euretok/daphnesched2/benchmark_scripts/connected_components-mpi/py/connected_components.py", line 127, in <module>
    cc(filename)
  File "/ceph/hpc/home/euretok/daphnesched2/benchmark_scripts/connected_components-mpi/py/connected_components.py", line 115, in cc
    x = G.multiply(c_partial.transpose()).max(axis=0)
        ^^^^^^^^^^^^^^^^^^^^^^^^^^^^^^^^^
  File "/nix/store/yvqis8yj3dylnl4d7b4a75g9z8pxmh4i-python3-3.12.10-env/lib/python3.12/site-packages/scipy/sparse/_compressed.py", line 440, in multiply
    raise ValueError("inconsistent shapes")
ValueError: inconsistent shapes
Traceback (most recent call last):
  File "/ceph/hpc/home/euretok/daphnesched2/benchmark_scripts/connected_components-mpi/py/connected_components.py", line 127, in <module>
    cc(filename)
  File "/ceph/hpc/home/euretok/daphnesched2/benchmark_scripts/connected_components-mpi/py/connected_components.py", line 115, in cc
    x = G.multiply(c_partial.transpose()).max(axis=0)
        ^^^^^^^^^^^^^^^^^^^^^^^^^^^^^^^^^
  File "/nix/store/yvqis8yj3dylnl4d7b4a75g9z8pxmh4i-python3-3.12.10-env/lib/python3.12/site-packages/scipy/sparse/_compressed.py", line 440, in multiply
    raise ValueError("inconsistent shapes")
ValueError: inconsistent shapes
Traceback (most recent call last):
  File "/ceph/hpc/home/euretok/daphnesched2/benchmark_scripts/connected_components-mpi/py/connected_components.py", line 127, in <module>
    cc(filename)
  File "/ceph/hpc/home/euretok/daphnesched2/benchmark_scripts/connected_components-mpi/py/connected_components.py", line 115, in cc
    x = G.multiply(c_partial.transpose()).max(axis=0)
        ^^^^^^^^^^^^^^^^^^^^^^^^^^^^^^^^^
  File "/nix/store/yvqis8yj3dylnl4d7b4a75g9z8pxmh4i-python3-3.12.10-env/lib/python3.12/site-packages/scipy/sparse/_compressed.py", line 440, in multiply
    raise ValueError("inconsistent shapes")
ValueError: inconsistent shapes
Traceback (most recent call last):
  File "/ceph/hpc/home/euretok/daphnesched2/benchmark_scripts/connected_components-mpi/py/connected_components.py", line 127, in <module>
    cc(filename)
  File "/ceph/hpc/home/euretok/daphnesched2/benchmark_scripts/connected_components-mpi/py/connected_components.py", line 115, in cc
    x = G.multiply(c_partial.transpose()).max(axis=0)
        ^^^^^^^^^^^^^^^^^^^^^^^^^^^^^^^^^
  File "/nix/store/yvqis8yj3dylnl4d7b4a75g9z8pxmh4i-python3-3.12.10-env/lib/python3.12/site-packages/scipy/sparse/_compressed.py", line 440, in multiply
    raise ValueError("inconsistent shapes")
ValueError: inconsistent shapes
Traceback (most recent call last):
  File "/ceph/hpc/home/euretok/daphnesched2/benchmark_scripts/connected_components-mpi/py/connected_components.py", line 127, in <module>
    cc(filename)
  File "/ceph/hpc/home/euretok/daphnesched2/benchmark_scripts/connected_components-mpi/py/connected_components.py", line 115, in cc
    x = G.multiply(c_partial.transpose()).max(axis=0)
        ^^^^^^^^^^^^^^^^^^^^^^^^^^^^^^^^^
  File "/nix/store/yvqis8yj3dylnl4d7b4a75g9z8pxmh4i-python3-3.12.10-env/lib/python3.12/site-packages/scipy/sparse/_compressed.py", line 440, in multiply
    raise ValueError("inconsistent shapes")
ValueError: inconsistent shapes
Traceback (most recent call last):
  File "/ceph/hpc/home/euretok/daphnesched2/benchmark_scripts/connected_components-mpi/py/connected_components.py", line 127, in <module>
    cc(filename)
  File "/ceph/hpc/home/euretok/daphnesched2/benchmark_scripts/connected_components-mpi/py/connected_components.py", line 115, in cc
    x = G.multiply(c_partial.transpose()).max(axis=0)
        ^^^^^^^^^^^^^^^^^^^^^^^^^^^^^^^^^
  File "/nix/store/yvqis8yj3dylnl4d7b4a75g9z8pxmh4i-python3-3.12.10-env/lib/python3.12/site-packages/scipy/sparse/_compressed.py", line 440, in multiply
    raise ValueError("inconsistent shapes")
ValueError: inconsistent shapes
Traceback (most recent call last):
  File "/ceph/hpc/home/euretok/daphnesched2/benchmark_scripts/connected_components-mpi/py/connected_components.py", line 127, in <module>
    cc(filename)
  File "/ceph/hpc/home/euretok/daphnesched2/benchmark_scripts/connected_components-mpi/py/connected_components.py", line 115, in cc
    x = G.multiply(c_partial.transpose()).max(axis=0)
        ^^^^^^^^^^^^^^^^^^^^^^^^^^^^^^^^^
  File "/nix/store/yvqis8yj3dylnl4d7b4a75g9z8pxmh4i-python3-3.12.10-env/lib/python3.12/site-packages/scipy/sparse/_compressed.py", line 440, in multiply
    raise ValueError("inconsistent shapes")
ValueError: inconsistent shapes
Traceback (most recent call last):
  File "/ceph/hpc/home/euretok/daphnesched2/benchmark_scripts/connected_components-mpi/py/connected_components.py", line 127, in <module>
    cc(filename)
  File "/ceph/hpc/home/euretok/daphnesched2/benchmark_scripts/connected_components-mpi/py/connected_components.py", line 115, in cc
    x = G.multiply(c_partial.transpose()).max(axis=0)
        ^^^^^^^^^^^^^^^^^^^^^^^^^^^^^^^^^
  File "/nix/store/yvqis8yj3dylnl4d7b4a75g9z8pxmh4i-python3-3.12.10-env/lib/python3.12/site-packages/scipy/sparse/_compressed.py", line 440, in multiply
    raise ValueError("inconsistent shapes")
ValueError: inconsistent shapes
Traceback (most recent call last):
  File "/ceph/hpc/home/euretok/daphnesched2/benchmark_scripts/connected_components-mpi/py/connected_components.py", line 127, in <module>
    cc(filename)
  File "/ceph/hpc/home/euretok/daphnesched2/benchmark_scripts/connected_components-mpi/py/connected_components.py", line 115, in cc
    x = G.multiply(c_partial.transpose()).max(axis=0)
        ^^^^^^^^^^^^^^^^^^^^^^^^^^^^^^^^^
  File "/nix/store/yvqis8yj3dylnl4d7b4a75g9z8pxmh4i-python3-3.12.10-env/lib/python3.12/site-packages/scipy/sparse/_compressed.py", line 440, in multiply
    raise ValueError("inconsistent shapes")
ValueError: inconsistent shapes
Traceback (most recent call last):
  File "/ceph/hpc/home/euretok/daphnesched2/benchmark_scripts/connected_components-mpi/py/connected_components.py", line 127, in <module>
    cc(filename)
  File "/ceph/hpc/home/euretok/daphnesched2/benchmark_scripts/connected_components-mpi/py/connected_components.py", line 115, in cc
    x = G.multiply(c_partial.transpose()).max(axis=0)
        ^^^^^^^^^^^^^^^^^^^^^^^^^^^^^^^^^
  File "/nix/store/yvqis8yj3dylnl4d7b4a75g9z8pxmh4i-python3-3.12.10-env/lib/python3.12/site-packages/scipy/sparse/_compressed.py", line 440, in multiply
    raise ValueError("inconsistent shapes")
ValueError: inconsistent shapes
Traceback (most recent call last):
  File "/ceph/hpc/home/euretok/daphnesched2/benchmark_scripts/connected_components-mpi/py/connected_components.py", line 127, in <module>
    cc(filename)
  File "/ceph/hpc/home/euretok/daphnesched2/benchmark_scripts/connected_components-mpi/py/connected_components.py", line 115, in cc
    x = G.multiply(c_partial.transpose()).max(axis=0)
        ^^^^^^^^^^^^^^^^^^^^^^^^^^^^^^^^^
  File "/nix/store/yvqis8yj3dylnl4d7b4a75g9z8pxmh4i-python3-3.12.10-env/lib/python3.12/site-packages/scipy/sparse/_compressed.py", line 440, in multiply
    raise ValueError("inconsistent shapes")
ValueError: inconsistent shapes
Traceback (most recent call last):
  File "/ceph/hpc/home/euretok/daphnesched2/benchmark_scripts/connected_components-mpi/py/connected_components.py", line 127, in <module>
    cc(filename)
  File "/ceph/hpc/home/euretok/daphnesched2/benchmark_scripts/connected_components-mpi/py/connected_components.py", line 115, in cc
    x = G.multiply(c_partial.transpose()).max(axis=0)
        ^^^^^^^^^^^^^^^^^^^^^^^^^^^^^^^^^
  File "/nix/store/yvqis8yj3dylnl4d7b4a75g9z8pxmh4i-python3-3.12.10-env/lib/python3.12/site-packages/scipy/sparse/_compressed.py", line 440, in multiply
    raise ValueError("inconsistent shapes")
ValueError: inconsistent shapes
Traceback (most recent call last):
  File "/ceph/hpc/home/euretok/daphnesched2/benchmark_scripts/connected_components-mpi/py/connected_components.py", line 127, in <module>
    cc(filename)
  File "/ceph/hpc/home/euretok/daphnesched2/benchmark_scripts/connected_components-mpi/py/connected_components.py", line 115, in cc
    x = G.multiply(c_partial.transpose()).max(axis=0)
        ^^^^^^^^^^^^^^^^^^^^^^^^^^^^^^^^^
  File "/nix/store/yvqis8yj3dylnl4d7b4a75g9z8pxmh4i-python3-3.12.10-env/lib/python3.12/site-packages/scipy/sparse/_compressed.py", line 440, in multiply
    raise ValueError("inconsistent shapes")
ValueError: inconsistent shapes
Traceback (most recent call last):
  File "/ceph/hpc/home/euretok/daphnesched2/benchmark_scripts/connected_components-mpi/py/connected_components.py", line 127, in <module>
    cc(filename)
  File "/ceph/hpc/home/euretok/daphnesched2/benchmark_scripts/connected_components-mpi/py/connected_components.py", line 101, in cc
    G = read_and_send_sparse_matrix(filename)
        ^^^^^^^^^^^^^^^^^^^^^^^^^^^^^^^^^^^^^
  File "/ceph/hpc/home/euretok/daphnesched2/benchmark_scripts/connected_components-mpi/py/connected_components.py", line 55, in read_and_send_sparse_matrix
    comm.send(info, dest=k, tag=10)
  File "src/mpi4py/MPI.src/Comm.pyx", line 1946, in mpi4py.MPI.Comm.send
  File "src/mpi4py/MPI.src/msgpickle.pxi", line 274, in mpi4py.MPI.PyMPI_send
mpi4py.MPI.Exception: MPI_ERR_INTERN: internal error
srun: error: cn0111: tasks 0-31: Exited with exit code 1
slurmstepd: error: *** JOB 2188067 ON cn0111 CANCELLED AT 2025-08-11T12:52:21 ***
