+ NUM_THREADS=4
+ SCRIPT=benchmark_scripts/connected_components-mpi/py/connected_components.py
+ MATRIX_PATH=matrices/amazon0601/amazon0601_ones.mtx
+ MATRIX_SIZE=403394
+ RESULT=data/mpi/amazon0601/connected_components/py/128/1.dat
+ export OMP_NUM_THREADS=4
+ OMP_NUM_THREADS=4
+ export OPENBLAS_NUM_THREADS=4
+ OPENBLAS_NUM_THREADS=4
+ export MKL_NUM_THREADS=4
+ MKL_NUM_THREADS=4
+ export VECLIB_MAXIMUM_THREADS=4
+ VECLIB_MAXIMUM_THREADS=4
+ export NUMEXPR_NUM_THREADS=4
+ NUMEXPR_NUM_THREADS=4
+ export UCX_TLS=sm,self
+ UCX_TLS=sm,self
+ export OMPI_MCA_PML=ucx
+ OMPI_MCA_PML=ucx
+ export 'PMIX_MCA_gds=^ds12'
+ PMIX_MCA_gds='^ds12'
+ export 'OMPI_MCA_gds=^ds12'
+ OMPI_MCA_gds='^ds12'
+ export PMIX_MCA_btl=self,vader
+ PMIX_MCA_btl=self,vader
+ export OMPI_MCA_btl=self,vader
+ OMPI_MCA_btl=self,vader
+ srun --mpi=pmix --cpus-per-task=4 singularity exec --no-mount /cvmfs --env OMP_NUM_THREADS=4 /ceph/hpc/home/euretok/daphnesched2/jupycpp.sif python3 /ceph/hpc/home/euretok/daphnesched2/benchmark_scripts/connected_components-mpi/py/connected_components.py /ceph/hpc/home/euretok/daphnesched2/matrices/amazon0601/amazon0601_ones.mtx
srun: error:  mpi/pmix_v5: init: (null) [0]: mpi_pmix.c:197: pmi/pmix: can not load PMIx library
srun: error: Couldn't load specified plugin name for mpi/pmix: Plugin init() callback failed
srun: error: MPI: Cannot create context for mpi/pmix
srun: error: MPI: Unable to load any plugin
srun: error: Invalid MPI type 'pmix', --mpi=list for acceptable types
