+ NUM_THREADS=4
+ SCRIPT=benchmark_scripts/connected_components-mpi/py/connected_components.py
+ MATRIX_PATH=matrices/wikipedia-20070206/wikipedia-20070206_ones.mtx
+ MATRIX_SIZE=3566907
+ RESULT=data/mpi/wikipedia-20070206/connected_components/py/128/1.dat
+ export OMP_NUM_THREADS=4
+ OMP_NUM_THREADS=4
+ export OPENBLAS_NUM_THREADS=4
+ OPENBLAS_NUM_THREADS=4
+ export MKL_NUM_THREADS=4
+ MKL_NUM_THREADS=4
+ export VECLIB_MAXIMUM_THREADS=4
+ VECLIB_MAXIMUM_THREADS=4
+ export NUMEXPR_NUM_THREADS=4
+ NUMEXPR_NUM_THREADS=4
+ export OMPI_MCA_PML=ucx
+ OMPI_MCA_PML=ucx
+ export UCX_TLS=rc,sm,self
+ UCX_TLS=rc,sm,self
+ export 'PMIX_MCA_gds=^ds12'
+ PMIX_MCA_gds='^ds12'
+ export 'OMPI_MCA_gds=^ds12'
+ OMPI_MCA_gds='^ds12'
+ export PMIX_MCA_btl=self,vader
+ PMIX_MCA_btl=self,vader
+ export OMPI_MCA_btl=self,vader
+ OMPI_MCA_btl=self,vader
+ srun --mpi=pmix --cpus-per-task=4 singularity exec --no-mount /cvmfs --env OMP_NUM_THREADS=4 /ceph/hpc/home/euretok/daphnesched2/jupycpp.sif python3 /ceph/hpc/home/euretok/daphnesched2/benchmark_scripts/connected_components-mpi/py/connected_components.py /ceph/hpc/home/euretok/daphnesched2/matrices/wikipedia-20070206/wikipedia-20070206_ones.mtx
srun: error: Task launch for StepId=2075834.0 failed on node cn0448: Unspecified error
srun: error: Task launch for StepId=2075834.0 failed on node cn0452: Unspecified error
srun: error: Task launch for StepId=2075834.0 failed on node cn0451: Unspecified error
srun: error: Task launch for StepId=2075834.0 failed on node cn0456: Unspecified error
srun: error: Application launch failed: Unspecified error
srun: Job step aborted
